<?xml version="1.0" encoding="UTF-8"?>
<!-- Generated by org.testng.reporters.JUnitXMLReporter -->
<testsuite hostname="LAPTOP-CB3T9QO6" ignored="0" name="Default test" tests="4" failures="0" timestamp="2020-03-19T21:36:29 GMT+03:00" time="6.228" errors="0">
  <testcase name="validateAddPet" time="2.82" classname="com.testPages.Petstore"/>
  <testcase name="validateGetPet" time="1.318" classname="com.testPages.Petstore"/>
  <testcase name="validateDeletePet" time="0.91" classname="com.testPages.Petstore"/>
  <testcase name="validateUpdatePet" time="1.114" classname="com.testPages.Petstore"/>
</testsuite> <!-- Default test -->
